<?xml version="1.0" encoding="UTF-8"?>
<!-- Generated by org.testng.reporters.JUnitReportReporter -->
<testsuite skipped="0" hostname="DESKTOP-8AF4QM5" name="com.example.TitleOfYourFeatureTest" tests="1" failures="0" timestamp="2021-09-22T09:33:36 IST" time="17.776" errors="0">
  <testcase name="accessoriesPageNavigation" time="17.776" classname="com.example.TitleOfYourFeatureTest"/>
  <system-out/>
</testsuite> <!-- com.example.TitleOfYourFeatureTest -->
